<?xml version="1.0" encoding="UTF-8"?>
<testsuite name="salin.TicTacToe.PlayerTest" tests="2" skipped="0" failures="0" errors="0" timestamp="2016-10-26T16:38:04" hostname="DESKTOP-71TPKN9" time="0.002">
  <properties/>
  <testcase name="swapPlayerTwice" classname="salin.TicTacToe.PlayerTest" time="0.001"/>
  <testcase name="swapPlayerSymbol" classname="salin.TicTacToe.PlayerTest" time="0.0"/>
  <system-out><![CDATA[]]></system-out>
  <system-err><![CDATA[]]></system-err>
</testsuite>
