<?xml version="1.0" encoding="UTF-8"?>
<testsuite name="salin.TicTacToe.MapTest" tests="1" skipped="0" failures="0" errors="0" timestamp="2016-10-26T16:38:04" hostname="DESKTOP-71TPKN9" time="0.001">
  <properties/>
  <testcase name="MapCreateTest" classname="salin.TicTacToe.MapTest" time="0.001"/>
  <system-out><![CDATA[]]></system-out>
  <system-err><![CDATA[]]></system-err>
</testsuite>
